<?xml version="1.0" encoding="UTF-8"?>
<!-- Generated by org.testng.reporters.JUnitXMLReporter -->
<testsuite ignored="1" hostname="santhosh-PC" failures="0" tests="9" name="Test(failed)" time="0.177" errors="0" timestamp="2020-05-20T16:00:23 IST">
  <testcase classname="Reg.setup" name="@BeforeSuite Open" time="2.079">
    <failure type="org.openqa.selenium.SessionNotCreatedException" message="session not created: This version of ChromeDriver only supports Chrome version 80
Build info: version: &amp;apos;3.141.59&amp;apos;, revision: &amp;apos;e82be7d358&amp;apos;, time: &amp;apos;2018-11-14T08:25:48&amp;apos;
System info: host: &amp;apos;SANTHOSH-PC&amp;apos;, ip: &amp;apos;192.168.56.1&amp;apos;, os.name: &amp;apos;Windows 7&amp;apos;, os.arch: &amp;apos;amd64&amp;apos;, os.version: &amp;apos;6.1&amp;apos;, java.version: &amp;apos;13.0.2&amp;apos;
Driver info: driver.version: ChromeDriver
remote stacktrace: Backtrace:
	Ordinal0 [0x00410C83+1707139]
	Ordinal0 [0x003768F1+1075441]
	Ordinal0 [0x002EDFC9+516041]
	Ordinal0 [0x00280554+66900]
	Ordinal0 [0x0027CCE2+52450]
	Ordinal0 [0x0029BFD7+180183]
	Ordinal0 [0x0029BDDD+179677]
	Ordinal0 [0x00299D4B+171339]
	Ordinal0 [0x00281D4A+73034]
	Ordinal0 [0x00282DC0+77248]
	Ordinal0 [0x00282D59+77145]
	Ordinal0 [0x0038BB67+1162087]
	GetHandleVerifier [0x004AA966+508998]
	GetHandleVerifier [0x004AA6A4+508292]
	GetHandleVerifier [0x004BF7B7+594583]
	GetHandleVerifier [0x004AB1D6+511158]
	Ordinal0 [0x0038402C+1130540]
	Ordinal0 [0x0038D4CB+1168587]
	Ordinal0 [0x0038D633+1168947]
	Ordinal0 [0x003A5B35+1268533]
	BaseThreadInitThunk [0x75E133CA+18]
	RtlInitializeExceptionChain [0x76F49ED2+99]
	RtlInitializeExceptionChain [0x76F49EA5+54]
">
      <![CDATA[org.openqa.selenium.SessionNotCreatedException: session not created: This version of ChromeDriver only supports Chrome version 80
Build info: version: '3.141.59', revision: 'e82be7d358', time: '2018-11-14T08:25:48'
System info: host: 'SANTHOSH-PC', ip: '192.168.56.1', os.name: 'Windows 7', os.arch: 'amd64', os.version: '6.1', java.version: '13.0.2'
Driver info: driver.version: ChromeDriver
remote stacktrace: Backtrace:
Ordinal0 [0x00410C83+1707139]
Ordinal0 [0x003768F1+1075441]
Ordinal0 [0x002EDFC9+516041]
Ordinal0 [0x00280554+66900]
Ordinal0 [0x0027CCE2+52450]
Ordinal0 [0x0029BFD7+180183]
Ordinal0 [0x0029BDDD+179677]
Ordinal0 [0x00299D4B+171339]
Ordinal0 [0x00281D4A+73034]
Ordinal0 [0x00282DC0+77248]
Ordinal0 [0x00282D59+77145]
Ordinal0 [0x0038BB67+1162087]
GetHandleVerifier [0x004AA966+508998]
GetHandleVerifier [0x004AA6A4+508292]
GetHandleVerifier [0x004BF7B7+594583]
GetHandleVerifier [0x004AB1D6+511158]
Ordinal0 [0x0038402C+1130540]
Ordinal0 [0x0038D4CB+1168587]
Ordinal0 [0x0038D633+1168947]
Ordinal0 [0x003A5B35+1268533]
BaseThreadInitThunk [0x75E133CA+18]
RtlInitializeExceptionChain [0x76F49ED2+99]
RtlInitializeExceptionChain [0x76F49EA5+54]

at org.openqa.selenium.remote.W3CHandshakeResponse.lambda$errorHandler$0(W3CHandshakeResponse.java:62)
at org.openqa.selenium.remote.HandshakeResponse.lambda$getResponseFunction$0(HandshakeResponse.java:30)
at org.openqa.selenium.remote.ProtocolHandshake.lambda$createSession$0(ProtocolHandshake.java:126)
at java.base/java.util.stream.ReferencePipeline$3$1.accept(ReferencePipeline.java:195)
at java.base/java.util.Spliterators$ArraySpliterator.tryAdvance(Spliterators.java:958)
at java.base/java.util.stream.ReferencePipeline.forEachWithCancel(ReferencePipeline.java:127)
at java.base/java.util.stream.AbstractPipeline.copyIntoWithCancel(AbstractPipeline.java:502)
at java.base/java.util.stream.AbstractPipeline.copyInto(AbstractPipeline.java:488)
at java.base/java.util.stream.AbstractPipeline.wrapAndCopyInto(AbstractPipeline.java:474)
at java.base/java.util.stream.FindOps$FindOp.evaluateSequential(FindOps.java:150)
at java.base/java.util.stream.AbstractPipeline.evaluate(AbstractPipeline.java:234)
at java.base/java.util.stream.ReferencePipeline.findFirst(ReferencePipeline.java:543)
at org.openqa.selenium.remote.ProtocolHandshake.createSession(ProtocolHandshake.java:128)
at org.openqa.selenium.remote.ProtocolHandshake.createSession(ProtocolHandshake.java:74)
at org.openqa.selenium.remote.HttpCommandExecutor.execute(HttpCommandExecutor.java:136)
at org.openqa.selenium.remote.service.DriverCommandExecutor.execute(DriverCommandExecutor.java:83)
at org.openqa.selenium.remote.RemoteWebDriver.execute(RemoteWebDriver.java:552)
at org.openqa.selenium.remote.RemoteWebDriver.startSession(RemoteWebDriver.java:213)
at org.openqa.selenium.remote.RemoteWebDriver.<init>(RemoteWebDriver.java:131)
at org.openqa.selenium.chrome.ChromeDriver.<init>(ChromeDriver.java:181)
at org.openqa.selenium.chrome.ChromeDriver.<init>(ChromeDriver.java:168)
at org.openqa.selenium.chrome.ChromeDriver.<init>(ChromeDriver.java:123)
at Reg.setup.Open(setup.java:19)
... Removed 24 stack frames]]>
    </failure>
  </testcase> <!-- @BeforeSuite Open -->
  <testcase classname="Reg.Teacher" name="Login" time="0.0">
    <skipped/>
  </testcase> <!-- Login -->
  <testcase classname="Reg.Teacher" name="homework" time="0.0">
    <skipped/>
  </testcase> <!-- homework -->
  <testcase classname="Reg.Teacher" name="Notes" time="0.0">
    <skipped/>
  </testcase> <!-- Notes -->
  <testcase classname="Reg.Teacher" name="Test" time="0.0">
    <skipped/>
  </testcase> <!-- Test -->
  <testcase classname="Reg.Teacher" name="Announce" time="0.0">
    <skipped/>
  </testcase> <!-- Announce -->
  <testcase classname="Reg.Teacher" name="Impt" time="0.0">
    <skipped/>
  </testcase> <!-- Impt -->
  <testcase classname="Reg.Teacher" name="profile" time="0.0">
    <skipped/>
  </testcase> <!-- profile -->
  <testcase classname="Reg.Teacher" name="sprofile" time="0.0">
    <skipped/>
  </testcase> <!-- sprofile -->
  <testcase classname="Reg.insert" name="posthomework" time="0.0">
    <skipped/>
  </testcase> <!-- posthomework -->
  <testcase classname="Reg.setup" name="@BeforeSuite Open" time="0.0">
    <ignored/>
  </testcase> <!-- @BeforeSuite Open -->
</testsuite> <!-- Test(failed) -->
